<?xml version="1.0" encoding="UTF-8"?>
<coverage generated="1630026838798" clover="3.2.0">
  <project timestamp="1630026838799" name="All files">
    <metrics statements="16" coveredstatements="13" conditionals="6" coveredconditionals="5" methods="5" coveredmethods="3" elements="27" coveredelements="21" complexity="0" loc="16" ncloc="16" packages="1" files="2" classes="2"/>
    <file name="math.js" path="C:\Users\jlast\OneDrive\Escritorio\RAGS\ACADEMLO\modulo NODE\MOD AGO 2021\25-08-2021\math.js">
      <metrics statements="11" coveredstatements="9" conditionals="6" coveredconditionals="5" methods="4" coveredmethods="2"/>
      <line num="1" count="1" type="stmt"/>
      <line num="2" count="0" type="stmt"/>
      <line num="5" count="1" type="stmt"/>
      <line num="6" count="0" type="stmt"/>
      <line num="16" count="1" type="stmt"/>
      <line num="17" count="4" type="stmt"/>
      <line num="20" count="1" type="stmt"/>
      <line num="21" count="4" type="cond" truecount="4" falsecount="0"/>
      <line num="22" count="2" type="stmt"/>
      <line num="24" count="2" type="cond" truecount="1" falsecount="1"/>
      <line num="25" count="2" type="stmt"/>
    </file>
    <file name="services.js" path="C:\Users\jlast\OneDrive\Escritorio\RAGS\ACADEMLO\modulo NODE\MOD AGO 2021\25-08-2021\services.js">
      <metrics statements="5" coveredstatements="4" conditionals="0" coveredconditionals="0" methods="1" coveredmethods="1"/>
      <line num="3" count="1" type="stmt"/>
      <line num="4" count="1" type="stmt"/>
      <line num="5" count="1" type="stmt"/>
      <line num="6" count="1" type="stmt"/>
      <line num="8" count="0" type="stmt"/>
    </file>
  </project>
</coverage>
