TN:
SF:math.js
FN:1,(anonymous_0)
FN:5,(anonymous_1)
FN:16,(anonymous_2)
FN:20,(anonymous_3)
FNF:4
FNH:2
FNDA:0,(anonymous_0)
FNDA:0,(anonymous_1)
FNDA:4,(anonymous_2)
FNDA:4,(anonymous_3)
DA:1,1
DA:2,0
DA:5,1
DA:6,0
DA:16,1
DA:17,4
DA:20,1
DA:21,4
DA:22,2
DA:24,2
DA:25,2
LF:11
LH:9
BRDA:21,0,0,2
BRDA:21,0,1,2
BRDA:21,1,0,4
BRDA:21,1,1,3
BRDA:24,2,0,2
BRDA:24,2,1,0
BRF:6
BRH:5
end_of_record
TN:
SF:services.js
FN:3,(anonymous_0)
FNF:1
FNH:1
FNDA:1,(anonymous_0)
DA:3,1
DA:4,1
DA:5,1
DA:6,1
DA:8,0
LF:5
LH:4
BRF:0
BRH:0
end_of_record
